Running: e:\Xilinx\13.4\ISE_DS\ISE\bin\nt64\unwrapped\fuse.exe -intstyle ise -incremental -o E:/uart_block/hdl/iseProject/testBaud_generator_isim_beh.exe -prj E:/uart_block/hdl/iseProject/testBaud_generator_beh.prj work.testBaud_generator 
ISim O.87xd (signature 0xc3576ebc)
Number of CPUs detected in this system: 8
Turning on mult-threading, number of parallel sub-compilation jobs: 16 
Determining compilation order of HDL files
Parsing VHDL file "E:/uart_block/hdl/iseProject/pkgDefinitions.vhd" into library work
Parsing VHDL file "E:/uart_block/hdl/iseProject/baud_generator.vhd" into library work
Parsing VHDL file "E:/uart_block/hdl/iseProject/testBaud_generator.vhd" into library work
Starting static elaboration
Completed static elaboration
Compiling package standard
Compiling package std_logic_1164
Compiling package std_logic_arith
Compiling package std_logic_unsigned
Compiling package pkgdefinitions
Compiling architecture behavioral of entity baud_generator [baud_generator_default]
Compiling architecture behavior of entity testbaud_generator
Time Resolution for simulation is 1ps.
Waiting for 1 sub-compilation(s) to finish...
Compiled 8 VHDL Units
Built simulation executable E:/uart_block/hdl/iseProject/testBaud_generator_isim_beh.exe
Fuse Memory Usage: 33672 KB
Fuse CPU Usage: 280 ms
